2026-01-24 22:13:56,223 | time
2026-01-24 22:38:17,061 | time
2026-01-24 22:39:01,400 | rnd 2 4
2026-01-24 22:39:15,793 | rnd 2 9
2026-01-24 22:39:28,940 | stop
2026-01-24 22:54:34,894 | stop
2026-01-24 23:01:48,391 | stop
2026-01-24 23:02:14,321 | stop
2026-01-24 23:08:07,506 | stop
2026-01-24 23:09:32,379 | stop
2026-01-24 23:16:54,329 | stop
2026-01-24 23:19:30,892 | stop
2026-01-24 23:29:46,208 | 127.0.0.1: stop
2026-01-25 13:22:59,926 | stop
2026-01-25 13:23:38,963 | rnd 2 50
2026-01-25 14:39:47,831 | time
2026-01-25 19:18:32,684 | time
2026-01-25 19:18:58,639 | rnd 3 9
2026-01-25 19:19:45,634 | stop
2026-01-25 19:25:48,298 | sto
2026-01-25 19:26:19,540 | rnd 0
2026-01-25 19:27:04,658 | stop
